<?xml version="1.0" encoding="UTF-8"?>
<!-- Generated by org.testng.reporters.JUnitXMLReporter -->
<testsuite ignored="2" hostname="_tejasgulhane_" failures="0" tests="3" name="Test1" time="0.094" errors="0" timestamp="2023-12-15T22:07:52 IST">
  <testcase classname="demo.Q18Group_TestNg" name="Jackfruit" time="0.012"/>
  <testcase classname="demo.Q18Group_TestNg" name="Potato" time="0.001"/>
  <testcase classname="demo.Q18Group_TestNg" name="Tomato" time="0.002"/>
  <testcase classname="demo.Q18Group_TestNg" name="Apple" time="0.0">
    <ignored/>
  </testcase> <!-- Apple -->
  <testcase classname="demo.Q18Group_TestNg" name="Mango" time="0.0">
    <ignored/>
  </testcase> <!-- Mango -->
</testsuite> <!-- Test1 -->
